poc/SmsMonitor/app/build/intermediates/manifest_merge_blame_file/release/manifest-merger-blame-release-report.txt
1<?xml version="1.0" encoding="utf-8"?>
2<manifest xmlns:android="http://schemas.android.com/apk/res/android"
3    package="com.monitor.sms"
4    android:versionCode="1"
5    android:versionName="1.0" >
6
7    <uses-sdk
8        android:minSdkVersion="24"
8-->src\main\AndroidManifest.xml
9        android:targetSdkVersion="33" />
9-->src\main\AndroidManifest.xml
10
11    <!-- Permissions for SMS reading and Internet to send to API -->
12    <uses-permission android:name="android.permission.RECEIVE_SMS" />
12-->src\main\AndroidManifest.xml:6:5-70
12-->src\main\AndroidManifest.xml:6:22-67
13    <uses-permission android:name="android.permission.READ_SMS" />
13-->src\main\AndroidManifest.xml:7:5-67
13-->src\main\AndroidManifest.xml:7:22-64
14    <uses-permission android:name="android.permission.INTERNET" />
14-->src\main\AndroidManifest.xml:8:5-67
14-->src\main\AndroidManifest.xml:8:22-64
15
16    <permission
16-->[androidx.core:core:1.10.1] AndroidManifest.xml:22:5-24:47
17        android:name="com.monitor.sms.DYNAMIC_RECEIVER_NOT_EXPORTED_PERMISSION"
17-->[androidx.core:core:1.10.1] AndroidManifest.xml:23:9-81
18        android:protectionLevel="signature" />
18-->[androidx.core:core:1.10.1] AndroidManifest.xml:24:9-44
19
20    <uses-permission android:name="com.monitor.sms.DYNAMIC_RECEIVER_NOT_EXPORTED_PERMISSION" />
20-->[androidx.core:core:1.10.1] AndroidManifest.xml:26:5-97
20-->[androidx.core:core:1.10.1] AndroidManifest.xml:26:22-94
21
22    <application
22-->src\main\AndroidManifest.xml:10:5-34:19
23        android:allowBackup="true"
23-->src\main\AndroidManifest.xml:11:9-35
24        android:appComponentFactory="androidx.core.app.CoreComponentFactory"
24-->[androidx.core:core:1.10.1] AndroidManifest.xml:28:18-86
25        android:extractNativeLibs="false"
26        android:label="@string/app_name"
26-->src\main\AndroidManifest.xml:12:9-41
27        android:supportsRtl="true"
27-->src\main\AndroidManifest.xml:13:9-35
28        android:theme="@style/Theme.AppCompat.Light.DarkActionBar" >
28-->src\main\AndroidManifest.xml:14:9-67
29        <activity
29-->src\main\AndroidManifest.xml:16:9-23:20
30            android:name="com.monitor.sms.MainActivity"
30-->src\main\AndroidManifest.xml:17:13-41
31            android:exported="true" >
31-->src\main\AndroidManifest.xml:18:13-36
32            <intent-filter>
32-->src\main\AndroidManifest.xml:19:13-22:29
33                <action android:name="android.intent.action.MAIN" />
33-->src\main\AndroidManifest.xml:20:17-69
33-->src\main\AndroidManifest.xml:20:25-66
34
35                <category android:name="android.intent.category.LAUNCHER" />
35-->src\main\AndroidManifest.xml:21:17-77
35-->src\main\AndroidManifest.xml:21:27-74
36            </intent-filter>
37        </activity>
38
39        <receiver
39-->src\main\AndroidManifest.xml:25:9-32:20
40            android:name="com.monitor.sms.SmsReceiver"
40-->src\main\AndroidManifest.xml:26:13-40
41            android:exported="true"
41-->src\main\AndroidManifest.xml:27:13-36
42            android:permission="android.permission.BROADCAST_SMS" >
42-->src\main\AndroidManifest.xml:28:13-66
43            <intent-filter android:priority="999" >
43-->src\main\AndroidManifest.xml:29:13-31:29
43-->src\main\AndroidManifest.xml:29:28-50
44                <action android:name="android.provider.Telephony.SMS_RECEIVED" />
44-->src\main\AndroidManifest.xml:30:17-82
44-->src\main\AndroidManifest.xml:30:25-79
45            </intent-filter>
46        </receiver>
47
48        <provider
48-->[androidx.emoji2:emoji2:1.2.0] AndroidManifest.xml:24:9-32:20
49            android:name="androidx.startup.InitializationProvider"
49-->[androidx.emoji2:emoji2:1.2.0] AndroidManifest.xml:25:13-67
50            android:authorities="com.monitor.sms.androidx-startup"
50-->[androidx.emoji2:emoji2:1.2.0] AndroidManifest.xml:26:13-68
51            android:exported="false" >
51-->[androidx.emoji2:emoji2:1.2.0] AndroidManifest.xml:27:13-37
52            <meta-data
52-->[androidx.emoji2:emoji2:1.2.0] AndroidManifest.xml:29:13-31:52
53                android:name="androidx.emoji2.text.EmojiCompatInitializer"
53-->[androidx.emoji2:emoji2:1.2.0] AndroidManifest.xml:30:17-75
54                android:value="androidx.startup" />
54-->[androidx.emoji2:emoji2:1.2.0] AndroidManifest.xml:31:17-49
55            <meta-data
55-->[androidx.lifecycle:lifecycle-process:2.4.1] AndroidManifest.xml:31:13-33:52
56                android:name="androidx.lifecycle.ProcessLifecycleInitializer"
56-->[androidx.lifecycle:lifecycle-process:2.4.1] AndroidManifest.xml:32:17-78
57                android:value="androidx.startup" />
57-->[androidx.lifecycle:lifecycle-process:2.4.1] AndroidManifest.xml:33:17-49
58        </provider>
59    </application>
60
61</manifest>